
*******New Request*******0x55c28c558aa0

***************0x55c28c558aa0
POST /client/storage/ HTTP/1.1
Host: bee.fish
Connection: keep-alive
Content-Length: 52
User-Agent: Mozilla/5.0 (Linux; Android 10; SM-A115F) AppleWebKit/537.36 (KHTML, like Gecko) Chrome/87.0.4280.141 Mobile Safari/537.36
Content-Type: text/plain;charset=UTF-8
Accept: */*
Origin: http://bee.fish
Sec-Fetch-Site: cross-site
Sec-Fetch-Mode: cors
Sec-Fetch-Dest: empty
Referer: http://bee.fish/
Accept-Encoding: gzip, deflate, br
Accept-Language: en-AU,en-GB;q=0.9,en-US;q=0.8,en;q=0.7
Cookie: _ga=GA1.1.1949984040.1609256630; _ga_BD4P7481RP=GS1.1.1611155947.42.1.1611155954.0

{"method":"setItem","key":"Name","value":"QnJldHQ="}
####645
$$$ ContentLength: 52, CurrentContentLength: 52

*******New Request*******0x55c28c558aa0

***************0x55c28c558aa0
POST /client/storage/ HTTP/1.1
Host: bee.fish
Connection: keep-alive
Content-Length: 52
Authorization: Basic 8J+NhCDwn42MOnBhc3N3b3Jk
User-Agent: Mozilla/5.0 (Linux; Android 10; SM-A115F) AppleWebKit/537.36 (KHTML, like Gecko) Chrome/87.0.4280.141 Mobile Safari/537.36
Content-Type: text/plain;charset=UTF-8
Accept: */*
Origin: http://bee.fish
Sec-Fetch-Site: cross-site
Sec-Fetch-Mode: cors
Sec-Fetch-Dest: empty
Referer: http://bee.fish/
Accept-Encoding: gzip, deflate, br
Accept-Language: en-AU,en-GB;q=0.9,en-US;q=0.8,en;q=0.7
Cookie: _ga=GA1.1.1949984040.1609256630; _ga_BD4P7481RP=GS1.1.1611155947.42.1.1611155954.0

{"method":"setItem","key":"Name","value":"QnJldHQ="}
####692
$$$ ContentLength: 52, CurrentContentLength: 52

*******New Request*******0x55c28c558aa0

***************0x55c28c558aa0
POST /client/storage/ HTTP/1.1
Host: bee.fish
Connection: keep-alive
Content-Length: 52
Authorization: Basic 8J+NhCDwn42MOnBhc3N3b3Jk
User-Agent: Mozilla/5.0 (Linux; Android 10; SM-A115F) AppleWebKit/537.36 (KHTML, like Gecko) Chrome/87.0.4280.141 Mobile Safari/537.36
Content-Type: text/plain;charset=UTF-8
Accept: */*
Origin: http://bee.fish
Sec-Fetch-Site: cross-site
Sec-Fetch-Mode: cors
Sec-Fetch-Dest: empty
Referer: http://bee.fish/
Accept-Encoding: gzip, deflate, br
Accept-Language: en-AU,en-GB;q=0.9,en-US;q=0.8,en;q=0.7
Cookie: _ga=GA1.1.1949984040.1609256630; _ga_BD4P7481RP=GS1.1.1611155947.42.1.1611155954.0

{"method":"setItem","key":"Name","value":"QnJldHQ="}
####692
$$$ ContentLength: 52, CurrentContentLength: 52

*******New Request*******0x55c28c558aa0

***************0x55c28c558aa0
POST /client/storage/ HTTP/1.1
Host: bee.fish
Connection: keep-alive
Content-Length: 33
Authorization: Basic 8J+NhCDwn42MOnBhc3N3b3Jk
User-Agent: Mozilla/5.0 (Linux; Android 10; SM-A115F) AppleWebKit/537.36 (KHTML, like Gecko) Chrome/87.0.4280.141 Mobile Safari/537.36
Content-Type: text/plain;charset=UTF-8
Accept: */*
Origin: http://bee.fish
Sec-Fetch-Site: cross-site
Sec-Fetch-Mode: cors
Sec-Fetch-Dest: empty
Referer: http://bee.fish/
Accept-Encoding: gzip, deflate, br
Accept-Language: en-AU,en-GB;q=0.9,en-US;q=0.8,en;q=0.7
Cookie: _ga=GA1.1.1949984040.1609256630; _ga_BD4P7481RP=GS1.1.1611155947.42.1.1611155954.0

{"method":"getItem","key":"Name"}
####673
$$$ ContentLength: 33, CurrentContentLength: 33

*******New Request*******0x55c28c558aa0

*******New Request*******0x55c28c554f50

***************0x55c28c554f50
GET / HTTP/1.1
Host: 35.244.99.44
User-Agent: Mozilla/5.0 (Windows NT 10.0; Win64; x64) AppleWebKit/537.36 (KHTML, like Gecko) Chrome/60.0.3112.113 Safari/537.36 
Accept: */*
Accept-Encoding: gzip


####204

*******New Request*******0x55c28c554f50
