201709
Starting server...
Initializing ssl...
Creating listener socket..
https server started on port 443 with 10 threads.
Accepting...
Dispatch...
Accepting...
Dispatch...
Accepting...
Path from: cgi/socket/secure/server.cpp
Path to: cgi/socket/secure/server.cpp
HTTP/1.1 200 OK
Keep-Alive: timeout=5, max=5
Access-Control-Allow-Origin: https://bee.fish
Content-Type: text/plain
Content-Length: 7903


Dispatch...
Accepting...
Dispatch...
Accepting...
Dispatch...
Accepting...
Dispatch...
Accepting...
Dispatch...
Accepting...
Path from: cgi/socket/secure/server.cpp
Path to: cgi/socket/secure/server.cpp
HTTP/1.1 200 OK
Keep-Alive: timeout=5, max=5
Access-Control-Allow-Origin: https://bee.fish
Content-Type: text/plain
Content-Length: 7903


Path from: cgi/socket/secure/server.cpp
Path to: cgi/socket/secure/server.cpp
HTTP/1.1 200 OK
Keep-Alive: timeout=5, max=5
Access-Control-Allow-Origin: https://bee.fish
Content-Type: text/plain
Content-Length: 7903


Dispatch...
Accepting...
Dispatch...
Accepting...
Path from: index.html
Path to: index.html
HTTP/1.1 200 OK
Keep-Alive: timeout=5, max=5
Access-Control-Allow-Origin: https://bee.fish
Content-Type: text/html
Content-Length: 1148


Path from: head.js
Path to: head.js
HTTP/1.1 200 OK
Keep-Alive: timeout=5, max=5
Access-Control-Allow-Origin: https://bee.fish
Content-Type: text/javascript
Content-Length: 752


Dispatch...
Accepting...
Path from: style.css
Path to: style.css
HTTP/1.1 200 OK
Keep-Alive: timeout=5, max=5
Access-Control-Allow-Origin: https://bee.fish
Content-Type: text/css
Content-Length: 448


Dispatch...
Accepting...
Dispatch...
Accepting...
Dispatch...
Accepting...
Path from: cgi/database/simple
Path to: cgi/database/simple/index.html
HTTP/1.1 404 OK
Keep-Alive: timeout=5, max=5
Access-Control-Allow-Origin: https://bee.fish


Path from: feebee.jpg
Path to: feebee.jpg
HTTP/1.1 200 OK
Keep-Alive: timeout=5, max=5
Access-Control-Allow-Origin: https://bee.fish
Content-Type: image/jpeg
Content-Length: 1896777


Dispatch...
Accepting...
Path from: cgi/database/simple
Path to: cgi/database/simple/index.html
HTTP/1.1 404 OK
Keep-Alive: timeout=5, max=5
Access-Control-Allow-Origin: https://bee.fish


Dispatch...
Accepting...
Path from: cgi/database/simple/database.cpp
Path to: cgi/database/simple/database.cpp
HTTP/1.1 200 OK
Keep-Alive: timeout=5, max=5
Access-Control-Allow-Origin: https://bee.fish
Content-Type: text/plain
Content-Length: 5714


Dispatch...
Accepting...
Dispatch...
Accepting...
Dispatch...
Accepting...
Dispatch...
Accepting...
Dispatch...
Accepting...
Dispatch...
Accepting...
Dispatch...
Accepting...
Path from: cgi/database/simple/database.cpp
Path to: cgi/database/simple/database.cpp
HTTP/1.1 200 OK
Keep-Alive: timeout=5, max=5
Access-Control-Allow-Origin: https://bee.fish
Content-Type: text/plain
Content-Length: 5714


Path from: cgi/database/simple/database.cpp
Path to: cgi/database/simple/database.cpp
HTTP/1.1 200 OK
Keep-Alive: timeout=5, max=5
Access-Control-Allow-Origin: https://bee.fish
Content-Type: text/plain
Content-Length: 5714


Dispatch...
Accepting...
Path from: cgi/database/simple/database.cpp
Path to: cgi/database/simple/database.cpp
HTTP/1.1 200 OK
Keep-Alive: timeout=5, max=5
Access-Control-Allow-Origin: https://bee.fish
Content-Type: text/plain
Content-Length: 5714


Dispatch...
Accepting...
Path from: cgi/database/simple/database.cpp
Path to: cgi/database/simple/database.cpp
HTTP/1.1 200 OK
Keep-Alive: timeout=5, max=5
Access-Control-Allow-Origin: https://bee.fish
Content-Type: text/plain
Content-Length: 5714


Dispatch...
Accepting...
Path from: cgi/database/simple/database.cpp
Path to: cgi/database/simple/database.cpp
HTTP/1.1 200 OK
Keep-Alive: timeout=5, max=5
Access-Control-Allow-Origin: https://bee.fish
Content-Type: text/plain
Content-Length: 5714


Dispatch...
Accepting...
Dispatch...
Accepting...
Dispatch...
Accepting...
Path from: cgi/database/simple/database.cpp
Path to: cgi/database/simple/database.cpp
HTTP/1.1 200 OK
Keep-Alive: timeout=5, max=5
Access-Control-Allow-Origin: https://bee.fish
Content-Type: text/plain
Content-Length: 5714


Dispatch...
Accepting...
Path from: cgi/database/simple/database.cpp
Path to: cgi/database/simple/database.cpp
HTTP/1.1 200 OK
Keep-Alive: timeout=5, max=5
Access-Control-Allow-Origin: https://bee.fish
Content-Type: text/plain
Content-Length: 5714


Dispatch...
Accepting...
Path from: cgi/database/simple/database.cpp
Path to: cgi/database/simple/database.cpp
HTTP/1.1 200 OK
Keep-Alive: timeout=5, max=5
Access-Control-Allow-Origin: https://bee.fish
Content-Type: text/plain
Content-Length: 5714


Dispatch...
Accepting...
Dispatch...
Accepting...
Dispatch...
Accepting...
Dispatch...
Accepting...
Dispatch...
Accepting...
Dispatch...
Accepting...
Dispatch...
Accepting...
Dispatch...
Accepting...
Dispatch...
Accepting...
Dispatch...
Accepting...
Path from: cgi/database/simple/database.h
Path to: cgi/database/simple/database.h
HTTP/1.1 200 OK
Keep-Alive: timeout=5, max=5
Access-Control-Allow-Origin: https://bee.fish
Content-Type: text/plain
Content-Length: 1389


Dispatch...
Accepting...
