






Started logging.

>>>
Content-Length: 2163

{"method":"initialize","params":{"processId":30436,"rootPath":"C:\\Users\\brett\\AppData\\Local\\Temp\\arduino-language-server688835915\\sketch","rootUri":"file:///C:/Users/brett/AppData/Local/Temp/arduino-language-server688835915/sketch","clientInfo":{"name":"vscode","version":"1.50.0"},"trace":"off","initializationOptions":{},"capabilities":{"workspace":{"workspaceEdit":{"documentChanges":true,"resourceOperations":["create","rename","delete"]},"applyEdit":true,"symbol":{"symbolKind":{"valueSet":[1,2,3,4,5,6,7,8,9,10,11,12,13,14,15,16,17,18,19,20,21,22,23,24,25,26]}},"executeCommand":{"dynamicRegistration":true},"didChangeWatchedFiles":{"dynamicRegistration":true},"workspaceFolders":true,"configuration":true},"textDocument":{"declaration":{"linkSupport":true},"definition":{"linkSupport":true},"implementation":{"linkSupport":true,"dynamicRegistration":true},"typeDefinition":{"linkSupport":true},"synchronization":{"willSave":true,"didSave":true,"willSaveWaitUntil":true},"documentSymbol":{"symbolKind":{"valueSet":[1,2,3,4,5,6,7,8,9,10,11,12,13,14,15,16,17,18,19,20,21,22,23,24,25,26]},"hierarchicalDocumentSymbolSupport":true},"formatting":{"dynamicRegistration":true},"rangeFormatting":{"dynamicRegistration":true},"rename":{"dynamicRegistration":true,"prepareSupport":true},"codeAction":{"dynamicRegistration":true,"isPreferredSupport":true,"codeActionLiteralSupport":{"codeActionKind":{"valueSet":["","quickfix","refactor","refactor.extract","refactor.inline","refactor.rewrite","source","source.organizeImports"]}}},"completion":{"completionItem":{"documentationFormat":["markdown","plaintext"],"snippetSupport":true},"completionItemKind":{"valueSet":[1,2,3,4,5,6,7,8,9,10,11,12,13,14,15,16,17,18,19,20,21,22,23,24,25]},"contextSupport":true},"signatureHelp":{"signatureInformation":{"parameterInformation":{"labelOffsetSupport":true}}},"documentLink":{"dynamicRegistration":true,"tooltipSupport":true},"hover":{"contentFormat":["markdown","plaintext"]},"foldingRange":{"dynamicRegistration":true,"rangeLimit":5000,"lineFoldingOnly":true},"colorProvider":{"dynamicRegistration":true}},"window":{"workDoneProgress":true}}},"id":0,"jsonrpc":"2.0"}
<<<
Content-Length: 1671

{"id":0,"jsonrpc":"2.0","result":{"capabilities":{"astProvider":true,"callHierarchyProvider":true,"codeActionProvider":{"codeActionKinds":["quickfix","refactor","info"]},"compilationDatabase":{"automaticReload":true},"completionProvider":{"allCommitCharacters":[" ","\t","(",")","[","]","{","}","<",">",":",";",",","+","-","/","*","%","^","&","#","?",".","=","\"","'","|"],"resolveProvider":false,"triggerCharacters":[".","<",">",":","\"","/"]},"declarationProvider":true,"definitionProvider":true,"documentFormattingProvider":true,"documentHighlightProvider":true,"documentLinkProvider":{"resolveProvider":false},"documentOnTypeFormattingProvider":{"firstTriggerCharacter":"\n","moreTriggerCharacter":[]},"documentRangeFormattingProvider":true,"documentSymbolProvider":true,"executeCommandProvider":{"commands":["clangd.applyFix","clangd.applyTweak"]},"hoverProvider":true,"implementationProvider":true,"memoryUsageProvider":true,"referencesProvider":true,"renameProvider":{"prepareProvider":true},"selectionRangeProvider":true,"semanticTokensProvider":{"full":{"delta":true},"legend":{"tokenModifiers":[],"tokenTypes":["variable","variable","parameter","function","method","function","property","variable","class","enum","enumMember","type","dependent","dependent","namespace","typeParameter","concept","type","macro","comment"]},"range":false},"signatureHelpProvider":{"triggerCharacters":["(",","]},"textDocumentSync":{"change":2,"openClose":true,"save":true},"typeHierarchyProvider":true,"workspaceSymbolProvider":true},"serverInfo":{"name":"clangd","version":"clangd version 12.0.0 (https://github.com/llvm/llvm-project e841bd5f335864b8c4d81cbf4df08460ef39f2ae)"}}}
>>>
Content-Length: 52

{"method":"initialized","params":{},"jsonrpc":"2.0"}Content-Length: 2284

{"method":"textDocument/didOpen","params":{"textDocument":{"uri":"file:///C:/Users/brett/AppData/Local/Temp/arduino-language-server688835915/sketch/timer.ino.cpp","languageId":"cpp","version":1,"text":"#include \u003cArduino.h\u003e\n#line 1 \"Z:\\\\home\\\\bee\\\\bee.fish\\\\Arduino\\\\timer\\\\timer.ino\"\n#include \"Adafruit_MCP23008.h\"\n\nclass Light {\n\n  const int pin = 0;\n  Adafruit_MCP23008* port;\n\npublic:\n  bool isOn;\n  Light() {\n    port = new Adafruit_MCP23008();\n    port-\u003ebegin();\n\n    // configure pin for output\n    port-\u003edigitalWrite(pin, LOW);\n    port-\u003epinMode(pin, OUTPUT);\n    isOn = false;\n  }\n\n  ~Light() {\n    delete port;\n  }\n\n  void turnOn() {\n    port-\u003edigitalWrite(pin, HIGH);\n    isOn = true;\n  } \n\n  void turnOff() {\n    port-\u003edigitalWrite(pin, LOW);\n    isOn = false;\n  }\n\n  void toggle() {\n    if (isOn)\n      turnOff();\n    else\n      turnOn();\n  }\n\n  void print() {\n    if (isOn)\n      Serial.print(\"Light on\");\n    else\n      Serial.print(\"Light off\");\n\n  }\n\n};\n\nLight* light;\n\n#line 53 \"Z:\\\\home\\\\bee\\\\bee.fish\\\\Arduino\\\\timer\\\\timer.ino\"\nvoid setup();\n#line 66 \"Z:\\\\home\\\\bee\\\\bee.fish\\\\Arduino\\\\timer\\\\timer.ino\"\nvoid loop();\n#line 53 \"Z:\\\\home\\\\bee\\\\bee.fish\\\\Arduino\\\\timer\\\\timer.ino\"\nvoid setup() {\n \n  Serial.begin(115200);\n  light = new Light();\n  light-\u003eturnOn();\n}\n\nuint minimum =  0;\nuint maximum = 10000;\nuint counter = 0;\n\nuint level = 10000;\n\nvoid loop() {\n\n  if (Serial.available() \u003e 0) {\n    \n    // Read number from input\n    long myInt = Serial.parseInt();\n\n    if ((myInt \u003c minimum) || (myInt \u003e maximum)) {\n      Serial.printf(\"Must be between %u and %u.\\n\", minimum, maximum);\n    }\n    else {\n      Serial.printf(\"Setting level to %u.\\n\", myInt);\n      level = myInt;\n      counter = 0;\n    }\n\n    // Clear input buffer\n    while (Serial.available()) {\n      Serial.read();\n    }\n    \n  }\n\n  if (counter \u003c level) {\n    if (!light-\u003eisOn)\n      light-\u003eturnOn();\n  }\n  else if (light-\u003eisOn) {\n    light-\u003eturnOff();\n  }\n\n  if (++counter \u003e= maximum)\n     counter = minimum;\n\n}\n\n"}},"jsonrpc":"2.0"}Content-Length: 195

{"method":"textDocument/documentSymbol","params":{"textDocument":{"uri":"file:///C:/Users/brett/AppData/Local/Temp/arduino-language-server688835915/sketch/timer.ino.cpp"}},"id":1,"jsonrpc":"2.0"}
<<<
Content-Length: 111

{"id":0,"jsonrpc":"2.0","method":"window/workDoneProgress/create","params":{"token":"backgroundIndexProgress"}}
>>>
Content-Length: 38

{"id":0,"result":null,"jsonrpc":"2.0"}
<<<
Content-Length: 143

{"jsonrpc":"2.0","method":"$/progress","params":{"token":"backgroundIndexProgress","value":{"kind":"begin","percentage":0,"title":"indexing"}}}Content-Length: 141

{"jsonrpc":"2.0","method":"$/progress","params":{"token":"backgroundIndexProgress","value":{"kind":"report","message":"0/1","percentage":0}}}Content-Length: 142

{"jsonrpc":"2.0","method":"$/progress","params":{"token":"backgroundIndexProgress","value":{"kind":"report","message":"0/45","percentage":0}}}Content-Length: 142

{"jsonrpc":"2.0","method":"$/progress","params":{"token":"backgroundIndexProgress","value":{"kind":"report","message":"0/45","percentage":0}}}Content-Length: 159

{"jsonrpc":"2.0","method":"$/progress","params":{"token":"backgroundIndexProgress","value":{"kind":"report","message":"1/45","percentage":2.2222222222222223}}}Content-Length: 159

{"jsonrpc":"2.0","method":"$/progress","params":{"token":"backgroundIndexProgress","value":{"kind":"report","message":"1/45","percentage":2.2222222222222223}}}Content-Length: 159

{"jsonrpc":"2.0","method":"$/progress","params":{"token":"backgroundIndexProgress","value":{"kind":"report","message":"2/45","percentage":4.4444444444444446}}}Content-Length: 159

{"jsonrpc":"2.0","method":"$/progress","params":{"token":"backgroundIndexProgress","value":{"kind":"report","message":"2/45","percentage":4.4444444444444446}}}Content-Length: 158

{"jsonrpc":"2.0","method":"$/progress","params":{"token":"backgroundIndexProgress","value":{"kind":"report","message":"3/45","percentage":6.666666666666667}}}Content-Length: 158

{"jsonrpc":"2.0","method":"$/progress","params":{"token":"backgroundIndexProgress","value":{"kind":"report","message":"3/45","percentage":6.666666666666667}}}Content-Length: 1359

{"jsonrpc":"2.0","method":"textDocument/publishDiagnostics","params":{"diagnostics":[{"code":"drv_unknown_argument","message":"Unknown argument: '-fstrict-volatile-bitfields'","range":{"end":{"character":0,"line":0},"start":{"character":0,"line":0}},"severity":1,"source":"clang"},{"code":"drv_unknown_argument_with_suggestion","message":"Unknown argument '-mlongcalls'; did you mean '-mlong-calls'?","range":{"end":{"character":0,"line":0},"start":{"character":0,"line":0}},"severity":1,"source":"clang"},{"code":"drv_unknown_argument","message":"Unknown argument: '-mfix-esp32-psram-cache-issue'","range":{"end":{"character":0,"line":0},"start":{"character":0,"line":0}},"severity":1,"source":"clang"},{"code":"unknown_typename","message":"In included file: unknown type name '_read'\n\nC:\\Users\\brett\\AppData\\Local\\Arduino15\\packages\\esp32\\hardware\\esp32\\1.0.6/tools/sdk/include/newlib\\sys/reent.h:195:36:\nnote: error occurred here","range":{"end":{"character":10,"line":0},"start":{"character":9,"line":0}},"severity":1,"source":"clang"},{"code":"fatal_too_many_errors","message":"Too many errors emitted, stopping now","range":{"end":{"character":0,"line":0},"start":{"character":0,"line":0}},"severity":1,"source":"clang"}],"uri":"file:///C:/Users/brett/AppData/Local/Temp/arduino-language-server688835915/sketch/timer.ino.cpp","version":1}}Content-Length: 3632

{"id":1,"jsonrpc":"2.0","result":[{"children":[{"kind":8,"name":"pin","range":{"end":{"character":19,"line":6},"start":{"character":2,"line":6}},"selectionRange":{"end":{"character":15,"line":6},"start":{"character":12,"line":6}}},{"kind":8,"name":"port","range":{"end":{"character":25,"line":7},"start":{"character":2,"line":7}},"selectionRange":{"end":{"character":25,"line":7},"start":{"character":21,"line":7}}},{"kind":8,"name":"isOn","range":{"end":{"character":11,"line":10},"start":{"character":2,"line":10}},"selectionRange":{"end":{"character":11,"line":10},"start":{"character":7,"line":10}}},{"kind":9,"name":"Light","range":{"end":{"character":3,"line":19},"start":{"character":2,"line":11}},"selectionRange":{"end":{"character":7,"line":11},"start":{"character":2,"line":11}}},{"kind":9,"name":"~Light","range":{"end":{"character":3,"line":23},"start":{"character":2,"line":21}},"selectionRange":{"end":{"character":3,"line":21},"start":{"character":2,"line":21}}},{"kind":6,"name":"turnOn","range":{"end":{"character":3,"line":28},"start":{"character":2,"line":25}},"selectionRange":{"end":{"character":13,"line":25},"start":{"character":7,"line":25}}},{"kind":6,"name":"turnOff","range":{"end":{"character":3,"line":33},"start":{"character":2,"line":30}},"selectionRange":{"end":{"character":14,"line":30},"start":{"character":7,"line":30}}},{"kind":6,"name":"toggle","range":{"end":{"character":3,"line":40},"start":{"character":2,"line":35}},"selectionRange":{"end":{"character":13,"line":35},"start":{"character":7,"line":35}}},{"kind":6,"name":"print","range":{"end":{"character":3,"line":48},"start":{"character":2,"line":42}},"selectionRange":{"end":{"character":12,"line":42},"start":{"character":7,"line":42}}}],"kind":5,"name":"Light","range":{"end":{"character":1,"line":50},"start":{"character":0,"line":4}},"selectionRange":{"end":{"character":11,"line":4},"start":{"character":6,"line":4}}},{"kind":13,"name":"light","range":{"end":{"character":12,"line":52},"start":{"character":0,"line":52}},"selectionRange":{"end":{"character":12,"line":52},"start":{"character":7,"line":52}}},{"kind":12,"name":"setup","range":{"end":{"character":12,"line":55},"start":{"character":0,"line":55}},"selectionRange":{"end":{"character":10,"line":55},"start":{"character":5,"line":55}}},{"kind":12,"name":"loop","range":{"end":{"character":11,"line":57},"start":{"character":0,"line":57}},"selectionRange":{"end":{"character":9,"line":57},"start":{"character":5,"line":57}}},{"kind":12,"name":"setup","range":{"end":{"character":1,"line":64},"start":{"character":0,"line":59}},"selectionRange":{"end":{"character":10,"line":59},"start":{"character":5,"line":59}}},{"kind":13,"name":"minimum","range":{"end":{"character":17,"line":66},"start":{"character":0,"line":66}},"selectionRange":{"end":{"character":12,"line":66},"start":{"character":5,"line":66}}},{"kind":13,"name":"maximum","range":{"end":{"character":20,"line":67},"start":{"character":0,"line":67}},"selectionRange":{"end":{"character":12,"line":67},"start":{"character":5,"line":67}}},{"kind":13,"name":"counter","range":{"end":{"character":16,"line":68},"start":{"character":0,"line":68}},"selectionRange":{"end":{"character":12,"line":68},"start":{"character":5,"line":68}}},{"kind":13,"name":"level","range":{"end":{"character":18,"line":70},"start":{"character":0,"line":70}},"selectionRange":{"end":{"character":10,"line":70},"start":{"character":5,"line":70}}},{"kind":12,"name":"loop","range":{"end":{"character":1,"line":106},"start":{"character":0,"line":72}},"selectionRange":{"end":{"character":9,"line":72},"start":{"character":5,"line":72}}}]}Content-Length: 159

{"jsonrpc":"2.0","method":"$/progress","params":{"token":"backgroundIndexProgress","value":{"kind":"report","message":"4/45","percentage":8.8888888888888893}}}Content-Length: 159

{"jsonrpc":"2.0","method":"$/progress","params":{"token":"backgroundIndexProgress","value":{"kind":"report","message":"4/45","percentage":8.8888888888888893}}}Content-Length: 159

{"jsonrpc":"2.0","method":"$/progress","params":{"token":"backgroundIndexProgress","value":{"kind":"report","message":"5/45","percentage":11.111111111111111}}}Content-Length: 159

{"jsonrpc":"2.0","method":"$/progress","params":{"token":"backgroundIndexProgress","value":{"kind":"report","message":"5/45","percentage":11.111111111111111}}}Content-Length: 159

{"jsonrpc":"2.0","method":"$/progress","params":{"token":"backgroundIndexProgress","value":{"kind":"report","message":"6/45","percentage":13.333333333333334}}}Content-Length: 159

{"jsonrpc":"2.0","method":"$/progress","params":{"token":"backgroundIndexProgress","value":{"kind":"report","message":"6/45","percentage":13.333333333333334}}}Content-Length: 159

{"jsonrpc":"2.0","method":"$/progress","params":{"token":"backgroundIndexProgress","value":{"kind":"report","message":"7/45","percentage":15.555555555555555}}}Content-Length: 159

{"jsonrpc":"2.0","method":"$/progress","params":{"token":"backgroundIndexProgress","value":{"kind":"report","message":"7/45","percentage":15.555555555555555}}}Content-Length: 159

{"jsonrpc":"2.0","method":"$/progress","params":{"token":"backgroundIndexProgress","value":{"kind":"report","message":"8/45","percentage":17.777777777777779}}}Content-Length: 159

{"jsonrpc":"2.0","method":"$/progress","params":{"token":"backgroundIndexProgress","value":{"kind":"report","message":"8/45","percentage":17.777777777777779}}}Content-Length: 143

{"jsonrpc":"2.0","method":"$/progress","params":{"token":"backgroundIndexProgress","value":{"kind":"report","message":"9/45","percentage":20}}}Content-Length: 143

{"jsonrpc":"2.0","method":"$/progress","params":{"token":"backgroundIndexProgress","value":{"kind":"report","message":"9/45","percentage":20}}}Content-Length: 160

{"jsonrpc":"2.0","method":"$/progress","params":{"token":"backgroundIndexProgress","value":{"kind":"report","message":"10/45","percentage":22.222222222222221}}}Content-Length: 160

{"jsonrpc":"2.0","method":"$/progress","params":{"token":"backgroundIndexProgress","value":{"kind":"report","message":"10/45","percentage":22.222222222222221}}}Content-Length: 160

{"jsonrpc":"2.0","method":"$/progress","params":{"token":"backgroundIndexProgress","value":{"kind":"report","message":"11/45","percentage":24.444444444444443}}}Content-Length: 160

{"jsonrpc":"2.0","method":"$/progress","params":{"token":"backgroundIndexProgress","value":{"kind":"report","message":"11/45","percentage":24.444444444444443}}}Content-Length: 160

{"jsonrpc":"2.0","method":"$/progress","params":{"token":"backgroundIndexProgress","value":{"kind":"report","message":"12/45","percentage":26.666666666666668}}}Content-Length: 160

{"jsonrpc":"2.0","method":"$/progress","params":{"token":"backgroundIndexProgress","value":{"kind":"report","message":"12/45","percentage":26.666666666666668}}}Content-Length: 160

{"jsonrpc":"2.0","method":"$/progress","params":{"token":"backgroundIndexProgress","value":{"kind":"report","message":"13/45","percentage":28.888888888888889}}}Content-Length: 160

{"jsonrpc":"2.0","method":"$/progress","params":{"token":"backgroundIndexProgress","value":{"kind":"report","message":"13/45","percentage":28.888888888888889}}}Content-Length: 160

{"jsonrpc":"2.0","method":"$/progress","params":{"token":"backgroundIndexProgress","value":{"kind":"report","message":"14/45","percentage":31.111111111111111}}}Content-Length: 160

{"jsonrpc":"2.0","method":"$/progress","params":{"token":"backgroundIndexProgress","value":{"kind":"report","message":"14/45","percentage":31.111111111111111}}}Content-Length: 160

{"jsonrpc":"2.0","method":"$/progress","params":{"token":"backgroundIndexProgress","value":{"kind":"report","message":"15/45","percentage":33.333333333333336}}}Content-Length: 160

{"jsonrpc":"2.0","method":"$/progress","params":{"token":"backgroundIndexProgress","value":{"kind":"report","message":"15/45","percentage":33.333333333333336}}}Content-Length: 160

{"jsonrpc":"2.0","method":"$/progress","params":{"token":"backgroundIndexProgress","value":{"kind":"report","message":"16/45","percentage":35.555555555555557}}}Content-Length: 160

{"jsonrpc":"2.0","method":"$/progress","params":{"token":"backgroundIndexProgress","value":{"kind":"report","message":"16/45","percentage":35.555555555555557}}}Content-Length: 160

{"jsonrpc":"2.0","method":"$/progress","params":{"token":"backgroundIndexProgress","value":{"kind":"report","message":"17/45","percentage":37.777777777777779}}}Content-Length: 160

{"jsonrpc":"2.0","method":"$/progress","params":{"token":"backgroundIndexProgress","value":{"kind":"report","message":"17/45","percentage":37.777777777777779}}}Content-Length: 144

{"jsonrpc":"2.0","method":"$/progress","params":{"token":"backgroundIndexProgress","value":{"kind":"report","message":"18/45","percentage":40}}}Content-Length: 144

{"jsonrpc":"2.0","method":"$/progress","params":{"token":"backgroundIndexProgress","value":{"kind":"report","message":"18/45","percentage":40}}}Content-Length: 160

{"jsonrpc":"2.0","method":"$/progress","params":{"token":"backgroundIndexProgress","value":{"kind":"report","message":"19/45","percentage":42.222222222222221}}}Content-Length: 160

{"jsonrpc":"2.0","method":"$/progress","params":{"token":"backgroundIndexProgress","value":{"kind":"report","message":"19/45","percentage":42.222222222222221}}}Content-Length: 160

{"jsonrpc":"2.0","method":"$/progress","params":{"token":"backgroundIndexProgress","value":{"kind":"report","message":"20/45","percentage":44.444444444444443}}}Content-Length: 160

{"jsonrpc":"2.0","method":"$/progress","params":{"token":"backgroundIndexProgress","value":{"kind":"report","message":"20/45","percentage":44.444444444444443}}}Content-Length: 160

{"jsonrpc":"2.0","method":"$/progress","params":{"token":"backgroundIndexProgress","value":{"kind":"report","message":"21/45","percentage":46.666666666666664}}}Content-Length: 160

{"jsonrpc":"2.0","method":"$/progress","params":{"token":"backgroundIndexProgress","value":{"kind":"report","message":"21/45","percentage":46.666666666666664}}}Content-Length: 160

{"jsonrpc":"2.0","method":"$/progress","params":{"token":"backgroundIndexProgress","value":{"kind":"report","message":"22/45","percentage":48.888888888888886}}}Content-Length: 160

{"jsonrpc":"2.0","method":"$/progress","params":{"token":"backgroundIndexProgress","value":{"kind":"report","message":"22/45","percentage":48.888888888888886}}}Content-Length: 160

{"jsonrpc":"2.0","method":"$/progress","params":{"token":"backgroundIndexProgress","value":{"kind":"report","message":"23/45","percentage":51.111111111111114}}}Content-Length: 160

{"jsonrpc":"2.0","method":"$/progress","params":{"token":"backgroundIndexProgress","value":{"kind":"report","message":"23/45","percentage":51.111111111111114}}}Content-Length: 160

{"jsonrpc":"2.0","method":"$/progress","params":{"token":"backgroundIndexProgress","value":{"kind":"report","message":"24/45","percentage":53.333333333333336}}}Content-Length: 160

{"jsonrpc":"2.0","method":"$/progress","params":{"token":"backgroundIndexProgress","value":{"kind":"report","message":"24/45","percentage":53.333333333333336}}}Content-Length: 160

{"jsonrpc":"2.0","method":"$/progress","params":{"token":"backgroundIndexProgress","value":{"kind":"report","message":"25/45","percentage":55.555555555555557}}}Content-Length: 160

{"jsonrpc":"2.0","method":"$/progress","params":{"token":"backgroundIndexProgress","value":{"kind":"report","message":"25/45","percentage":55.555555555555557}}}Content-Length: 160

{"jsonrpc":"2.0","method":"$/progress","params":{"token":"backgroundIndexProgress","value":{"kind":"report","message":"26/45","percentage":57.777777777777779}}}Content-Length: 160

{"jsonrpc":"2.0","method":"$/progress","params":{"token":"backgroundIndexProgress","value":{"kind":"report","message":"26/45","percentage":57.777777777777779}}}Content-Length: 144

{"jsonrpc":"2.0","method":"$/progress","params":{"token":"backgroundIndexProgress","value":{"kind":"report","message":"27/45","percentage":60}}}Content-Length: 144

{"jsonrpc":"2.0","method":"$/progress","params":{"token":"backgroundIndexProgress","value":{"kind":"report","message":"27/45","percentage":60}}}Content-Length: 160

{"jsonrpc":"2.0","method":"$/progress","params":{"token":"backgroundIndexProgress","value":{"kind":"report","message":"28/45","percentage":62.222222222222221}}}Content-Length: 160

{"jsonrpc":"2.0","method":"$/progress","params":{"token":"backgroundIndexProgress","value":{"kind":"report","message":"28/45","percentage":62.222222222222221}}}Content-Length: 160

{"jsonrpc":"2.0","method":"$/progress","params":{"token":"backgroundIndexProgress","value":{"kind":"report","message":"29/45","percentage":64.444444444444443}}}Content-Length: 160

{"jsonrpc":"2.0","method":"$/progress","params":{"token":"backgroundIndexProgress","value":{"kind":"report","message":"29/45","percentage":64.444444444444443}}}Content-Length: 160

{"jsonrpc":"2.0","method":"$/progress","params":{"token":"backgroundIndexProgress","value":{"kind":"report","message":"30/45","percentage":66.666666666666671}}}Content-Length: 160

{"jsonrpc":"2.0","method":"$/progress","params":{"token":"backgroundIndexProgress","value":{"kind":"report","message":"30/45","percentage":66.666666666666671}}}Content-Length: 160

{"jsonrpc":"2.0","method":"$/progress","params":{"token":"backgroundIndexProgress","value":{"kind":"report","message":"31/45","percentage":68.888888888888886}}}Content-Length: 160

{"jsonrpc":"2.0","method":"$/progress","params":{"token":"backgroundIndexProgress","value":{"kind":"report","message":"31/45","percentage":68.888888888888886}}}Content-Length: 160

{"jsonrpc":"2.0","method":"$/progress","params":{"token":"backgroundIndexProgress","value":{"kind":"report","message":"32/45","percentage":71.111111111111114}}}Content-Length: 160

{"jsonrpc":"2.0","method":"$/progress","params":{"token":"backgroundIndexProgress","value":{"kind":"report","message":"32/45","percentage":71.111111111111114}}}Content-Length: 160

{"jsonrpc":"2.0","method":"$/progress","params":{"token":"backgroundIndexProgress","value":{"kind":"report","message":"33/45","percentage":73.333333333333329}}}Content-Length: 160

{"jsonrpc":"2.0","method":"$/progress","params":{"token":"backgroundIndexProgress","value":{"kind":"report","message":"33/45","percentage":73.333333333333329}}}Content-Length: 160

{"jsonrpc":"2.0","method":"$/progress","params":{"token":"backgroundIndexProgress","value":{"kind":"report","message":"34/45","percentage":75.555555555555557}}}Content-Length: 160

{"jsonrpc":"2.0","method":"$/progress","params":{"token":"backgroundIndexProgress","value":{"kind":"report","message":"34/45","percentage":75.555555555555557}}}Content-Length: 160

{"jsonrpc":"2.0","method":"$/progress","params":{"token":"backgroundIndexProgress","value":{"kind":"report","message":"35/45","percentage":77.777777777777771}}}Content-Length: 160

{"jsonrpc":"2.0","method":"$/progress","params":{"token":"backgroundIndexProgress","value":{"kind":"report","message":"35/45","percentage":77.777777777777771}}}Content-Length: 144

{"jsonrpc":"2.0","method":"$/progress","params":{"token":"backgroundIndexProgress","value":{"kind":"report","message":"36/45","percentage":80}}}Content-Length: 144

{"jsonrpc":"2.0","method":"$/progress","params":{"token":"backgroundIndexProgress","value":{"kind":"report","message":"36/45","percentage":80}}}Content-Length: 160

{"jsonrpc":"2.0","method":"$/progress","params":{"token":"backgroundIndexProgress","value":{"kind":"report","message":"37/45","percentage":82.222222222222229}}}Content-Length: 160

{"jsonrpc":"2.0","method":"$/progress","params":{"token":"backgroundIndexProgress","value":{"kind":"report","message":"37/45","percentage":82.222222222222229}}}Content-Length: 160

{"jsonrpc":"2.0","method":"$/progress","params":{"token":"backgroundIndexProgress","value":{"kind":"report","message":"38/45","percentage":84.444444444444443}}}Content-Length: 160

{"jsonrpc":"2.0","method":"$/progress","params":{"token":"backgroundIndexProgress","value":{"kind":"report","message":"38/45","percentage":84.444444444444443}}}Content-Length: 160

{"jsonrpc":"2.0","method":"$/progress","params":{"token":"backgroundIndexProgress","value":{"kind":"report","message":"39/45","percentage":86.666666666666671}}}Content-Length: 160

{"jsonrpc":"2.0","method":"$/progress","params":{"token":"backgroundIndexProgress","value":{"kind":"report","message":"39/45","percentage":86.666666666666671}}}Content-Length: 160

{"jsonrpc":"2.0","method":"$/progress","params":{"token":"backgroundIndexProgress","value":{"kind":"report","message":"40/45","percentage":88.888888888888886}}}Content-Length: 160

{"jsonrpc":"2.0","method":"$/progress","params":{"token":"backgroundIndexProgress","value":{"kind":"report","message":"40/45","percentage":88.888888888888886}}}Content-Length: 160

{"jsonrpc":"2.0","method":"$/progress","params":{"token":"backgroundIndexProgress","value":{"kind":"report","message":"41/45","percentage":91.111111111111114}}}Content-Length: 160

{"jsonrpc":"2.0","method":"$/progress","params":{"token":"backgroundIndexProgress","value":{"kind":"report","message":"41/45","percentage":91.111111111111114}}}Content-Length: 160

{"jsonrpc":"2.0","method":"$/progress","params":{"token":"backgroundIndexProgress","value":{"kind":"report","message":"42/45","percentage":93.333333333333329}}}Content-Length: 160

{"jsonrpc":"2.0","method":"$/progress","params":{"token":"backgroundIndexProgress","value":{"kind":"report","message":"42/45","percentage":93.333333333333329}}}Content-Length: 160

{"jsonrpc":"2.0","method":"$/progress","params":{"token":"backgroundIndexProgress","value":{"kind":"report","message":"43/45","percentage":95.555555555555557}}}Content-Length: 160

{"jsonrpc":"2.0","method":"$/progress","params":{"token":"backgroundIndexProgress","value":{"kind":"report","message":"43/45","percentage":95.555555555555557}}}Content-Length: 160

{"jsonrpc":"2.0","method":"$/progress","params":{"token":"backgroundIndexProgress","value":{"kind":"report","message":"44/45","percentage":97.777777777777771}}}Content-Length: 107

{"jsonrpc":"2.0","method":"$/progress","params":{"token":"backgroundIndexProgress","value":{"kind":"end"}}}
>>>
Content-Length: 58

{"method":"shutdown","params":null,"id":2,"jsonrpc":"2.0"}
<<<
Content-Length: 38

{"id":2,"jsonrpc":"2.0","result":null}
>>>
Content-Length: 47

{"method":"exit","params":null,"jsonrpc":"2.0"}<<< Read Error: EOF







Started logging.

>>>
Content-Length: 2163

{"method":"initialize","params":{"processId":15284,"rootPath":"C:\\Users\\brett\\AppData\\Local\\Temp\\arduino-language-server417252915\\sketch","rootUri":"file:///C:/Users/brett/AppData/Local/Temp/arduino-language-server417252915/sketch","clientInfo":{"name":"vscode","version":"1.50.0"},"trace":"off","initializationOptions":{},"capabilities":{"workspace":{"workspaceEdit":{"documentChanges":true,"resourceOperations":["create","rename","delete"]},"applyEdit":true,"symbol":{"symbolKind":{"valueSet":[1,2,3,4,5,6,7,8,9,10,11,12,13,14,15,16,17,18,19,20,21,22,23,24,25,26]}},"executeCommand":{"dynamicRegistration":true},"didChangeWatchedFiles":{"dynamicRegistration":true},"workspaceFolders":true,"configuration":true},"textDocument":{"declaration":{"linkSupport":true},"definition":{"linkSupport":true},"implementation":{"linkSupport":true,"dynamicRegistration":true},"typeDefinition":{"linkSupport":true},"synchronization":{"willSave":true,"didSave":true,"willSaveWaitUntil":true},"documentSymbol":{"symbolKind":{"valueSet":[1,2,3,4,5,6,7,8,9,10,11,12,13,14,15,16,17,18,19,20,21,22,23,24,25,26]},"hierarchicalDocumentSymbolSupport":true},"formatting":{"dynamicRegistration":true},"rangeFormatting":{"dynamicRegistration":true},"rename":{"dynamicRegistration":true,"prepareSupport":true},"codeAction":{"dynamicRegistration":true,"isPreferredSupport":true,"codeActionLiteralSupport":{"codeActionKind":{"valueSet":["","quickfix","refactor","refactor.extract","refactor.inline","refactor.rewrite","source","source.organizeImports"]}}},"completion":{"completionItem":{"documentationFormat":["markdown","plaintext"],"snippetSupport":true},"completionItemKind":{"valueSet":[1,2,3,4,5,6,7,8,9,10,11,12,13,14,15,16,17,18,19,20,21,22,23,24,25]},"contextSupport":true},"signatureHelp":{"signatureInformation":{"parameterInformation":{"labelOffsetSupport":true}}},"documentLink":{"dynamicRegistration":true,"tooltipSupport":true},"hover":{"contentFormat":["markdown","plaintext"]},"foldingRange":{"dynamicRegistration":true,"rangeLimit":5000,"lineFoldingOnly":true},"colorProvider":{"dynamicRegistration":true}},"window":{"workDoneProgress":true}}},"id":0,"jsonrpc":"2.0"}
<<<
Content-Length: 1671

{"id":0,"jsonrpc":"2.0","result":{"capabilities":{"astProvider":true,"callHierarchyProvider":true,"codeActionProvider":{"codeActionKinds":["quickfix","refactor","info"]},"compilationDatabase":{"automaticReload":true},"completionProvider":{"allCommitCharacters":[" ","\t","(",")","[","]","{","}","<",">",":",";",",","+","-","/","*","%","^","&","#","?",".","=","\"","'","|"],"resolveProvider":false,"triggerCharacters":[".","<",">",":","\"","/"]},"declarationProvider":true,"definitionProvider":true,"documentFormattingProvider":true,"documentHighlightProvider":true,"documentLinkProvider":{"resolveProvider":false},"documentOnTypeFormattingProvider":{"firstTriggerCharacter":"\n","moreTriggerCharacter":[]},"documentRangeFormattingProvider":true,"documentSymbolProvider":true,"executeCommandProvider":{"commands":["clangd.applyFix","clangd.applyTweak"]},"hoverProvider":true,"implementationProvider":true,"memoryUsageProvider":true,"referencesProvider":true,"renameProvider":{"prepareProvider":true},"selectionRangeProvider":true,"semanticTokensProvider":{"full":{"delta":true},"legend":{"tokenModifiers":[],"tokenTypes":["variable","variable","parameter","function","method","function","property","variable","class","enum","enumMember","type","dependent","dependent","namespace","typeParameter","concept","type","macro","comment"]},"range":false},"signatureHelpProvider":{"triggerCharacters":["(",","]},"textDocumentSync":{"change":2,"openClose":true,"save":true},"typeHierarchyProvider":true,"workspaceSymbolProvider":true},"serverInfo":{"name":"clangd","version":"clangd version 12.0.0 (https://github.com/llvm/llvm-project e841bd5f335864b8c4d81cbf4df08460ef39f2ae)"}}}
>>>
Content-Length: 52

{"method":"initialized","params":{},"jsonrpc":"2.0"}Content-Length: 2344

{"method":"textDocument/didOpen","params":{"textDocument":{"uri":"file:///C:/Users/brett/AppData/Local/Temp/arduino-language-server417252915/sketch/timer.ino.cpp","languageId":"cpp","version":1,"text":"#include \u003cArduino.h\u003e\n#line 1 \"Z:\\\\home\\\\bee\\\\bee.fish\\\\Arduino\\\\timer\\\\timer.ino\"\n#include \"battery.h\"\n#include \"Adafruit_MCP23008.h\"\n\nclass Light {\n\n  const int pin = 0;\n  Adafruit_MCP23008* port;\n\npublic:\n  bool isOn;\n  Light() {\n    port = new Adafruit_MCP23008();\n    port-\u003ebegin();\n\n    // configure pin for output\n    port-\u003edigitalWrite(pin, LOW);\n    port-\u003epinMode(pin, OUTPUT);\n    isOn = false;\n  }\n\n  ~Light() {\n    delete port;\n  }\n\n  void turnOn() {\n    port-\u003edigitalWrite(pin, HIGH);\n    isOn = true;\n  } \n\n  void turnOff() {\n    port-\u003edigitalWrite(pin, LOW);\n    isOn = false;\n  }\n\n  void toggle() {\n    if (isOn)\n      turnOff();\n    else\n      turnOn();\n  }\n\n  void print() {\n    if (isOn)\n      Serial.print(\"Light on\");\n    else\n      Serial.print(\"Light off\");\n\n  }\n\n};\n\nLight* light;\n\n#line 54 \"Z:\\\\home\\\\bee\\\\bee.fish\\\\Arduino\\\\timer\\\\timer.ino\"\nvoid setup();\n#line 69 \"Z:\\\\home\\\\bee\\\\bee.fish\\\\Arduino\\\\timer\\\\timer.ino\"\nvoid loop();\n#line 54 \"Z:\\\\home\\\\bee\\\\bee.fish\\\\Arduino\\\\timer\\\\timer.ino\"\nvoid setup() {\n  bat_init();\n  bat_hold_output();\n\n  Serial.begin(115200);\n  light = new Light();\n  light-\u003eturnOn();\n}\n\nuint minimum =  0;\nuint maximum = 10000;\nuint counter = 0;\n\nuint level = 10000;\n\nvoid loop() {\n\n  if (Serial.available() \u003e 0) {\n    \n    // Read number from input\n    long myInt = Serial.parseInt();\n\n    if ((myInt \u003c minimum) || (myInt \u003e maximum)) {\n      Serial.printf(\"Must be between %u and %u.\\n\", minimum, maximum);\n    }\n    else {\n      Serial.printf(\"Setting level to %u.\\n\", myInt);\n      level = myInt;\n      counter = 0;\n    }\n\n    // Clear input buffer\n    while (Serial.available()) {\n      Serial.read();\n    }\n    \n  }\n\n  if (counter \u003c level) {\n    if (!light-\u003eisOn)\n      light-\u003eturnOn();\n  }\n  else if (light-\u003eisOn) {\n    light-\u003eturnOff();\n  }\n\n  if (++counter \u003e= maximum)\n     counter = minimum;\n\n}\n\n"}},"jsonrpc":"2.0"}Content-Length: 195

{"method":"textDocument/documentSymbol","params":{"textDocument":{"uri":"file:///C:/Users/brett/AppData/Local/Temp/arduino-language-server417252915/sketch/timer.ino.cpp"}},"id":1,"jsonrpc":"2.0"}
<<<
Content-Length: 111

{"id":0,"jsonrpc":"2.0","method":"window/workDoneProgress/create","params":{"token":"backgroundIndexProgress"}}
>>>
Content-Length: 38

{"id":0,"result":null,"jsonrpc":"2.0"}
<<<
Content-Length: 143

{"jsonrpc":"2.0","method":"$/progress","params":{"token":"backgroundIndexProgress","value":{"kind":"begin","percentage":0,"title":"indexing"}}}Content-Length: 141

{"jsonrpc":"2.0","method":"$/progress","params":{"token":"backgroundIndexProgress","value":{"kind":"report","message":"0/1","percentage":0}}}Content-Length: 142

{"jsonrpc":"2.0","method":"$/progress","params":{"token":"backgroundIndexProgress","value":{"kind":"report","message":"0/49","percentage":0}}}Content-Length: 142

{"jsonrpc":"2.0","method":"$/progress","params":{"token":"backgroundIndexProgress","value":{"kind":"report","message":"0/49","percentage":0}}}Content-Length: 159

{"jsonrpc":"2.0","method":"$/progress","params":{"token":"backgroundIndexProgress","value":{"kind":"report","message":"1/49","percentage":2.0408163265306123}}}Content-Length: 159

{"jsonrpc":"2.0","method":"$/progress","params":{"token":"backgroundIndexProgress","value":{"kind":"report","message":"1/49","percentage":2.0408163265306123}}}Content-Length: 159

{"jsonrpc":"2.0","method":"$/progress","params":{"token":"backgroundIndexProgress","value":{"kind":"report","message":"2/49","percentage":4.0816326530612246}}}Content-Length: 159

{"jsonrpc":"2.0","method":"$/progress","params":{"token":"backgroundIndexProgress","value":{"kind":"report","message":"2/49","percentage":4.0816326530612246}}}Content-Length: 1359

{"jsonrpc":"2.0","method":"textDocument/publishDiagnostics","params":{"diagnostics":[{"code":"drv_unknown_argument","message":"Unknown argument: '-fstrict-volatile-bitfields'","range":{"end":{"character":0,"line":0},"start":{"character":0,"line":0}},"severity":1,"source":"clang"},{"code":"drv_unknown_argument_with_suggestion","message":"Unknown argument '-mlongcalls'; did you mean '-mlong-calls'?","range":{"end":{"character":0,"line":0},"start":{"character":0,"line":0}},"severity":1,"source":"clang"},{"code":"drv_unknown_argument","message":"Unknown argument: '-mfix-esp32-psram-cache-issue'","range":{"end":{"character":0,"line":0},"start":{"character":0,"line":0}},"severity":1,"source":"clang"},{"code":"unknown_typename","message":"In included file: unknown type name '_read'\n\nC:\\Users\\brett\\AppData\\Local\\Arduino15\\packages\\esp32\\hardware\\esp32\\1.0.6/tools/sdk/include/newlib\\sys/reent.h:195:36:\nnote: error occurred here","range":{"end":{"character":10,"line":0},"start":{"character":9,"line":0}},"severity":1,"source":"clang"},{"code":"fatal_too_many_errors","message":"Too many errors emitted, stopping now","range":{"end":{"character":0,"line":0},"start":{"character":0,"line":0}},"severity":1,"source":"clang"}],"uri":"file:///C:/Users/brett/AppData/Local/Temp/arduino-language-server417252915/sketch/timer.ino.cpp","version":1}}Content-Length: 3632

{"id":1,"jsonrpc":"2.0","result":[{"children":[{"kind":8,"name":"pin","range":{"end":{"character":19,"line":7},"start":{"character":2,"line":7}},"selectionRange":{"end":{"character":15,"line":7},"start":{"character":12,"line":7}}},{"kind":8,"name":"port","range":{"end":{"character":25,"line":8},"start":{"character":2,"line":8}},"selectionRange":{"end":{"character":25,"line":8},"start":{"character":21,"line":8}}},{"kind":8,"name":"isOn","range":{"end":{"character":11,"line":11},"start":{"character":2,"line":11}},"selectionRange":{"end":{"character":11,"line":11},"start":{"character":7,"line":11}}},{"kind":9,"name":"Light","range":{"end":{"character":3,"line":20},"start":{"character":2,"line":12}},"selectionRange":{"end":{"character":7,"line":12},"start":{"character":2,"line":12}}},{"kind":9,"name":"~Light","range":{"end":{"character":3,"line":24},"start":{"character":2,"line":22}},"selectionRange":{"end":{"character":3,"line":22},"start":{"character":2,"line":22}}},{"kind":6,"name":"turnOn","range":{"end":{"character":3,"line":29},"start":{"character":2,"line":26}},"selectionRange":{"end":{"character":13,"line":26},"start":{"character":7,"line":26}}},{"kind":6,"name":"turnOff","range":{"end":{"character":3,"line":34},"start":{"character":2,"line":31}},"selectionRange":{"end":{"character":14,"line":31},"start":{"character":7,"line":31}}},{"kind":6,"name":"toggle","range":{"end":{"character":3,"line":41},"start":{"character":2,"line":36}},"selectionRange":{"end":{"character":13,"line":36},"start":{"character":7,"line":36}}},{"kind":6,"name":"print","range":{"end":{"character":3,"line":49},"start":{"character":2,"line":43}},"selectionRange":{"end":{"character":12,"line":43},"start":{"character":7,"line":43}}}],"kind":5,"name":"Light","range":{"end":{"character":1,"line":51},"start":{"character":0,"line":5}},"selectionRange":{"end":{"character":11,"line":5},"start":{"character":6,"line":5}}},{"kind":13,"name":"light","range":{"end":{"character":12,"line":53},"start":{"character":0,"line":53}},"selectionRange":{"end":{"character":12,"line":53},"start":{"character":7,"line":53}}},{"kind":12,"name":"setup","range":{"end":{"character":12,"line":56},"start":{"character":0,"line":56}},"selectionRange":{"end":{"character":10,"line":56},"start":{"character":5,"line":56}}},{"kind":12,"name":"loop","range":{"end":{"character":11,"line":58},"start":{"character":0,"line":58}},"selectionRange":{"end":{"character":9,"line":58},"start":{"character":5,"line":58}}},{"kind":12,"name":"setup","range":{"end":{"character":1,"line":67},"start":{"character":0,"line":60}},"selectionRange":{"end":{"character":10,"line":60},"start":{"character":5,"line":60}}},{"kind":13,"name":"minimum","range":{"end":{"character":17,"line":69},"start":{"character":0,"line":69}},"selectionRange":{"end":{"character":12,"line":69},"start":{"character":5,"line":69}}},{"kind":13,"name":"maximum","range":{"end":{"character":20,"line":70},"start":{"character":0,"line":70}},"selectionRange":{"end":{"character":12,"line":70},"start":{"character":5,"line":70}}},{"kind":13,"name":"counter","range":{"end":{"character":16,"line":71},"start":{"character":0,"line":71}},"selectionRange":{"end":{"character":12,"line":71},"start":{"character":5,"line":71}}},{"kind":13,"name":"level","range":{"end":{"character":18,"line":73},"start":{"character":0,"line":73}},"selectionRange":{"end":{"character":10,"line":73},"start":{"character":5,"line":73}}},{"kind":12,"name":"loop","range":{"end":{"character":1,"line":109},"start":{"character":0,"line":75}},"selectionRange":{"end":{"character":9,"line":75},"start":{"character":5,"line":75}}}]}Content-Length: 159

{"jsonrpc":"2.0","method":"$/progress","params":{"token":"backgroundIndexProgress","value":{"kind":"report","message":"3/49","percentage":6.1224489795918364}}}Content-Length: 159

{"jsonrpc":"2.0","method":"$/progress","params":{"token":"backgroundIndexProgress","value":{"kind":"report","message":"3/49","percentage":6.1224489795918364}}}Content-Length: 159

{"jsonrpc":"2.0","method":"$/progress","params":{"token":"backgroundIndexProgress","value":{"kind":"report","message":"4/49","percentage":8.1632653061224492}}}Content-Length: 159

{"jsonrpc":"2.0","method":"$/progress","params":{"token":"backgroundIndexProgress","value":{"kind":"report","message":"4/49","percentage":8.1632653061224492}}}Content-Length: 159

{"jsonrpc":"2.0","method":"$/progress","params":{"token":"backgroundIndexProgress","value":{"kind":"report","message":"5/49","percentage":10.204081632653061}}}Content-Length: 159

{"jsonrpc":"2.0","method":"$/progress","params":{"token":"backgroundIndexProgress","value":{"kind":"report","message":"5/49","percentage":10.204081632653061}}}Content-Length: 159

{"jsonrpc":"2.0","method":"$/progress","params":{"token":"backgroundIndexProgress","value":{"kind":"report","message":"6/49","percentage":12.244897959183673}}}Content-Length: 159

{"jsonrpc":"2.0","method":"$/progress","params":{"token":"backgroundIndexProgress","value":{"kind":"report","message":"6/49","percentage":12.244897959183673}}}Content-Length: 159

{"jsonrpc":"2.0","method":"$/progress","params":{"token":"backgroundIndexProgress","value":{"kind":"report","message":"7/49","percentage":14.285714285714286}}}Content-Length: 159

{"jsonrpc":"2.0","method":"$/progress","params":{"token":"backgroundIndexProgress","value":{"kind":"report","message":"7/49","percentage":14.285714285714286}}}Content-Length: 159

{"jsonrpc":"2.0","method":"$/progress","params":{"token":"backgroundIndexProgress","value":{"kind":"report","message":"8/49","percentage":16.326530612244898}}}Content-Length: 159

{"jsonrpc":"2.0","method":"$/progress","params":{"token":"backgroundIndexProgress","value":{"kind":"report","message":"8/49","percentage":16.326530612244898}}}
>>>
Content-Length: 58

{"method":"shutdown","params":null,"id":2,"jsonrpc":"2.0"}
<<<
Content-Length: 38

{"id":2,"jsonrpc":"2.0","result":null}
>>>
Content-Length: 47

{"method":"exit","params":null,"jsonrpc":"2.0"}






Started logging.

>>>
Content-Length: 2163

{"method":"initialize","params":{"processId":15888,"rootPath":"C:\\Users\\brett\\AppData\\Local\\Temp\\arduino-language-server801461487\\sketch","rootUri":"file:///C:/Users/brett/AppData/Local/Temp/arduino-language-server801461487/sketch","clientInfo":{"name":"vscode","version":"1.50.0"},"trace":"off","initializationOptions":{},"capabilities":{"workspace":{"workspaceEdit":{"documentChanges":true,"resourceOperations":["create","rename","delete"]},"applyEdit":true,"symbol":{"symbolKind":{"valueSet":[1,2,3,4,5,6,7,8,9,10,11,12,13,14,15,16,17,18,19,20,21,22,23,24,25,26]}},"executeCommand":{"dynamicRegistration":true},"didChangeWatchedFiles":{"dynamicRegistration":true},"workspaceFolders":true,"configuration":true},"textDocument":{"declaration":{"linkSupport":true},"definition":{"linkSupport":true},"implementation":{"linkSupport":true,"dynamicRegistration":true},"typeDefinition":{"linkSupport":true},"synchronization":{"willSave":true,"didSave":true,"willSaveWaitUntil":true},"documentSymbol":{"symbolKind":{"valueSet":[1,2,3,4,5,6,7,8,9,10,11,12,13,14,15,16,17,18,19,20,21,22,23,24,25,26]},"hierarchicalDocumentSymbolSupport":true},"formatting":{"dynamicRegistration":true},"rangeFormatting":{"dynamicRegistration":true},"rename":{"dynamicRegistration":true,"prepareSupport":true},"codeAction":{"dynamicRegistration":true,"isPreferredSupport":true,"codeActionLiteralSupport":{"codeActionKind":{"valueSet":["","quickfix","refactor","refactor.extract","refactor.inline","refactor.rewrite","source","source.organizeImports"]}}},"completion":{"completionItem":{"documentationFormat":["markdown","plaintext"],"snippetSupport":true},"completionItemKind":{"valueSet":[1,2,3,4,5,6,7,8,9,10,11,12,13,14,15,16,17,18,19,20,21,22,23,24,25]},"contextSupport":true},"signatureHelp":{"signatureInformation":{"parameterInformation":{"labelOffsetSupport":true}}},"documentLink":{"dynamicRegistration":true,"tooltipSupport":true},"hover":{"contentFormat":["markdown","plaintext"]},"foldingRange":{"dynamicRegistration":true,"rangeLimit":5000,"lineFoldingOnly":true},"colorProvider":{"dynamicRegistration":true}},"window":{"workDoneProgress":true}}},"id":0,"jsonrpc":"2.0"}
<<<
Content-Length: 1671

{"id":0,"jsonrpc":"2.0","result":{"capabilities":{"astProvider":true,"callHierarchyProvider":true,"codeActionProvider":{"codeActionKinds":["quickfix","refactor","info"]},"compilationDatabase":{"automaticReload":true},"completionProvider":{"allCommitCharacters":[" ","\t","(",")","[","]","{","}","<",">",":",";",",","+","-","/","*","%","^","&","#","?",".","=","\"","'","|"],"resolveProvider":false,"triggerCharacters":[".","<",">",":","\"","/"]},"declarationProvider":true,"definitionProvider":true,"documentFormattingProvider":true,"documentHighlightProvider":true,"documentLinkProvider":{"resolveProvider":false},"documentOnTypeFormattingProvider":{"firstTriggerCharacter":"\n","moreTriggerCharacter":[]},"documentRangeFormattingProvider":true,"documentSymbolProvider":true,"executeCommandProvider":{"commands":["clangd.applyFix","clangd.applyTweak"]},"hoverProvider":true,"implementationProvider":true,"memoryUsageProvider":true,"referencesProvider":true,"renameProvider":{"prepareProvider":true},"selectionRangeProvider":true,"semanticTokensProvider":{"full":{"delta":true},"legend":{"tokenModifiers":[],"tokenTypes":["variable","variable","parameter","function","method","function","property","variable","class","enum","enumMember","type","dependent","dependent","namespace","typeParameter","concept","type","macro","comment"]},"range":false},"signatureHelpProvider":{"triggerCharacters":["(",","]},"textDocumentSync":{"change":2,"openClose":true,"save":true},"typeHierarchyProvider":true,"workspaceSymbolProvider":true},"serverInfo":{"name":"clangd","version":"clangd version 12.0.0 (https://github.com/llvm/llvm-project e841bd5f335864b8c4d81cbf4df08460ef39f2ae)"}}}
>>>
Content-Length: 52

{"method":"initialized","params":{},"jsonrpc":"2.0"}Content-Length: 2344

{"method":"textDocument/didOpen","params":{"textDocument":{"uri":"file:///C:/Users/brett/AppData/Local/Temp/arduino-language-server801461487/sketch/timer.ino.cpp","languageId":"cpp","version":1,"text":"#include \u003cArduino.h\u003e\n#line 1 \"Z:\\\\home\\\\bee\\\\bee.fish\\\\Arduino\\\\timer\\\\timer.ino\"\n#include \"battery.h\"\n#include \"Adafruit_MCP23008.h\"\n\nclass Light {\n\n  const int pin = 0;\n  Adafruit_MCP23008* port;\n\npublic:\n  bool isOn;\n  Light() {\n    port = new Adafruit_MCP23008();\n    port-\u003ebegin();\n\n    // configure pin for output\n    port-\u003edigitalWrite(pin, LOW);\n    port-\u003epinMode(pin, OUTPUT);\n    isOn = false;\n  }\n\n  ~Light() {\n    delete port;\n  }\n\n  void turnOn() {\n    port-\u003edigitalWrite(pin, HIGH);\n    isOn = true;\n  } \n\n  void turnOff() {\n    port-\u003edigitalWrite(pin, LOW);\n    isOn = false;\n  }\n\n  void toggle() {\n    if (isOn)\n      turnOff();\n    else\n      turnOn();\n  }\n\n  void print() {\n    if (isOn)\n      Serial.print(\"Light on\");\n    else\n      Serial.print(\"Light off\");\n\n  }\n\n};\n\nLight* light;\n\n#line 54 \"Z:\\\\home\\\\bee\\\\bee.fish\\\\Arduino\\\\timer\\\\timer.ino\"\nvoid setup();\n#line 69 \"Z:\\\\home\\\\bee\\\\bee.fish\\\\Arduino\\\\timer\\\\timer.ino\"\nvoid loop();\n#line 54 \"Z:\\\\home\\\\bee\\\\bee.fish\\\\Arduino\\\\timer\\\\timer.ino\"\nvoid setup() {\n  bat_init();\n  bat_hold_output();\n\n  Serial.begin(115200);\n  light = new Light();\n  light-\u003eturnOn();\n}\n\nuint minimum =  0;\nuint maximum = 10000;\nuint counter = 0;\n\nuint level = 10000;\n\nvoid loop() {\n\n  if (Serial.available() \u003e 0) {\n    \n    // Read number from input\n    long myInt = Serial.parseInt();\n\n    if ((myInt \u003c minimum) || (myInt \u003e maximum)) {\n      Serial.printf(\"Must be between %u and %u.\\n\", minimum, maximum);\n    }\n    else {\n      Serial.printf(\"Setting level to %u.\\n\", myInt);\n      level = myInt;\n      counter = 0;\n    }\n\n    // Clear input buffer\n    while (Serial.available()) {\n      Serial.read();\n    }\n    \n  }\n\n  if (counter \u003c level) {\n    if (!light-\u003eisOn)\n      light-\u003eturnOn();\n  }\n  else if (light-\u003eisOn) {\n    light-\u003eturnOff();\n  }\n\n  if (++counter \u003e= maximum)\n     counter = minimum;\n\n}\n\n"}},"jsonrpc":"2.0"}Content-Length: 195

{"method":"textDocument/documentSymbol","params":{"textDocument":{"uri":"file:///C:/Users/brett/AppData/Local/Temp/arduino-language-server801461487/sketch/timer.ino.cpp"}},"id":1,"jsonrpc":"2.0"}
<<<
Content-Length: 111

{"id":0,"jsonrpc":"2.0","method":"window/workDoneProgress/create","params":{"token":"backgroundIndexProgress"}}
>>>
Content-Length: 38

{"id":0,"result":null,"jsonrpc":"2.0"}
<<<
Content-Length: 143

{"jsonrpc":"2.0","method":"$/progress","params":{"token":"backgroundIndexProgress","value":{"kind":"begin","percentage":0,"title":"indexing"}}}Content-Length: 141

{"jsonrpc":"2.0","method":"$/progress","params":{"token":"backgroundIndexProgress","value":{"kind":"report","message":"0/1","percentage":0}}}Content-Length: 142

{"jsonrpc":"2.0","method":"$/progress","params":{"token":"backgroundIndexProgress","value":{"kind":"report","message":"0/49","percentage":0}}}Content-Length: 142

{"jsonrpc":"2.0","method":"$/progress","params":{"token":"backgroundIndexProgress","value":{"kind":"report","message":"0/49","percentage":0}}}Content-Length: 159

{"jsonrpc":"2.0","method":"$/progress","params":{"token":"backgroundIndexProgress","value":{"kind":"report","message":"1/49","percentage":2.0408163265306123}}}Content-Length: 159

{"jsonrpc":"2.0","method":"$/progress","params":{"token":"backgroundIndexProgress","value":{"kind":"report","message":"1/49","percentage":2.0408163265306123}}}
>>>
Content-Length: 224

{"method":"textDocument/hover","params":{"textDocument":{"uri":"file:///C:/Users/brett/AppData/Local/Temp/arduino-language-server801461487/sketch/timer.ino.cpp"},"position":{"line":26,"character":14}},"id":2,"jsonrpc":"2.0"}
<<<
Content-Length: 1359

{"jsonrpc":"2.0","method":"textDocument/publishDiagnostics","params":{"diagnostics":[{"code":"drv_unknown_argument","message":"Unknown argument: '-fstrict-volatile-bitfields'","range":{"end":{"character":0,"line":0},"start":{"character":0,"line":0}},"severity":1,"source":"clang"},{"code":"drv_unknown_argument_with_suggestion","message":"Unknown argument '-mlongcalls'; did you mean '-mlong-calls'?","range":{"end":{"character":0,"line":0},"start":{"character":0,"line":0}},"severity":1,"source":"clang"},{"code":"drv_unknown_argument","message":"Unknown argument: '-mfix-esp32-psram-cache-issue'","range":{"end":{"character":0,"line":0},"start":{"character":0,"line":0}},"severity":1,"source":"clang"},{"code":"unknown_typename","message":"In included file: unknown type name '_read'\n\nC:\\Users\\brett\\AppData\\Local\\Arduino15\\packages\\esp32\\hardware\\esp32\\1.0.6/tools/sdk/include/newlib\\sys/reent.h:195:36:\nnote: error occurred here","range":{"end":{"character":10,"line":0},"start":{"character":9,"line":0}},"severity":1,"source":"clang"},{"code":"fatal_too_many_errors","message":"Too many errors emitted, stopping now","range":{"end":{"character":0,"line":0},"start":{"character":0,"line":0}},"severity":1,"source":"clang"}],"uri":"file:///C:/Users/brett/AppData/Local/Temp/arduino-language-server801461487/sketch/timer.ino.cpp","version":1}}Content-Length: 3632

{"id":1,"jsonrpc":"2.0","result":[{"children":[{"kind":8,"name":"pin","range":{"end":{"character":19,"line":7},"start":{"character":2,"line":7}},"selectionRange":{"end":{"character":15,"line":7},"start":{"character":12,"line":7}}},{"kind":8,"name":"port","range":{"end":{"character":25,"line":8},"start":{"character":2,"line":8}},"selectionRange":{"end":{"character":25,"line":8},"start":{"character":21,"line":8}}},{"kind":8,"name":"isOn","range":{"end":{"character":11,"line":11},"start":{"character":2,"line":11}},"selectionRange":{"end":{"character":11,"line":11},"start":{"character":7,"line":11}}},{"kind":9,"name":"Light","range":{"end":{"character":3,"line":20},"start":{"character":2,"line":12}},"selectionRange":{"end":{"character":7,"line":12},"start":{"character":2,"line":12}}},{"kind":9,"name":"~Light","range":{"end":{"character":3,"line":24},"start":{"character":2,"line":22}},"selectionRange":{"end":{"character":3,"line":22},"start":{"character":2,"line":22}}},{"kind":6,"name":"turnOn","range":{"end":{"character":3,"line":29},"start":{"character":2,"line":26}},"selectionRange":{"end":{"character":13,"line":26},"start":{"character":7,"line":26}}},{"kind":6,"name":"turnOff","range":{"end":{"character":3,"line":34},"start":{"character":2,"line":31}},"selectionRange":{"end":{"character":14,"line":31},"start":{"character":7,"line":31}}},{"kind":6,"name":"toggle","range":{"end":{"character":3,"line":41},"start":{"character":2,"line":36}},"selectionRange":{"end":{"character":13,"line":36},"start":{"character":7,"line":36}}},{"kind":6,"name":"print","range":{"end":{"character":3,"line":49},"start":{"character":2,"line":43}},"selectionRange":{"end":{"character":12,"line":43},"start":{"character":7,"line":43}}}],"kind":5,"name":"Light","range":{"end":{"character":1,"line":51},"start":{"character":0,"line":5}},"selectionRange":{"end":{"character":11,"line":5},"start":{"character":6,"line":5}}},{"kind":13,"name":"light","range":{"end":{"character":12,"line":53},"start":{"character":0,"line":53}},"selectionRange":{"end":{"character":12,"line":53},"start":{"character":7,"line":53}}},{"kind":12,"name":"setup","range":{"end":{"character":12,"line":56},"start":{"character":0,"line":56}},"selectionRange":{"end":{"character":10,"line":56},"start":{"character":5,"line":56}}},{"kind":12,"name":"loop","range":{"end":{"character":11,"line":58},"start":{"character":0,"line":58}},"selectionRange":{"end":{"character":9,"line":58},"start":{"character":5,"line":58}}},{"kind":12,"name":"setup","range":{"end":{"character":1,"line":67},"start":{"character":0,"line":60}},"selectionRange":{"end":{"character":10,"line":60},"start":{"character":5,"line":60}}},{"kind":13,"name":"minimum","range":{"end":{"character":17,"line":69},"start":{"character":0,"line":69}},"selectionRange":{"end":{"character":12,"line":69},"start":{"character":5,"line":69}}},{"kind":13,"name":"maximum","range":{"end":{"character":20,"line":70},"start":{"character":0,"line":70}},"selectionRange":{"end":{"character":12,"line":70},"start":{"character":5,"line":70}}},{"kind":13,"name":"counter","range":{"end":{"character":16,"line":71},"start":{"character":0,"line":71}},"selectionRange":{"end":{"character":12,"line":71},"start":{"character":5,"line":71}}},{"kind":13,"name":"level","range":{"end":{"character":18,"line":73},"start":{"character":0,"line":73}},"selectionRange":{"end":{"character":10,"line":73},"start":{"character":5,"line":73}}},{"kind":12,"name":"loop","range":{"end":{"character":1,"line":109},"start":{"character":0,"line":75}},"selectionRange":{"end":{"character":9,"line":75},"start":{"character":5,"line":75}}}]}Content-Length: 38

{"id":2,"jsonrpc":"2.0","result":null}
>>>
Content-Length: 62

{"method":"$/cancelRequest","params":{"id":1},"jsonrpc":"2.0"}Content-Length: 58

{"method":"shutdown","params":null,"id":3,"jsonrpc":"2.0"}
<<<
Content-Length: 38

{"id":3,"jsonrpc":"2.0","result":null}
>>>
Content-Length: 47

{"method":"exit","params":null,"jsonrpc":"2.0"}