/home/bee/bee.fish/cgi/socket
bee
/home/bee
bee
/home/bee
bee
/home/bee
bee
/home/bee
bee
/home/bee
bee
/home/bee
bee
/home/bee
bee
/home/bee
bee
/home/bee
bee
/home/bee
bee
/home/bee
bee
/home/bee
bee
/home/bee
bee
/home/bee
bee
/home/bee
bee
/home/bee
bee
/home/bee
bee
/home/bee
bee
/home/bee
bee
/home/bee
bee
/home/bee
bee
/home/bee
bee
/home/bee
bee
/home/bee
bee
/home/bee
bee
/home/bee
bee
/home/bee
bee
/home/bee
bee
/home/bee
bee
/home/bee
bee
/home/bee
bee
/home/bee
bee
/home/bee
bee
/home/bee
bee
/home/bee
bee
/home/bee
bee
/home/bee
bee
/home/bee
bee
/home/bee
bee
/home/bee
bee
/home/bee
bee
/home/bee
bee
/home/bee
bee
/home/bee
bee
/home/bee
bee
/home/bee
bee
/home/bee/bee.fish
bee
/home/bee/bee.fish/cgi
bee
/home/bee
bee
/home/bee
bee
/home/bee
bee
/home/bee
bee
/home/bee
bee
/home/bee
bee
/home/bee
bee
/home/bee
bee
/home/bee
bee
/home/bee
bee
/home/bee
bee
/home/bee/bee.fish
bee
/home/bee
bee
/home/bee
bee
/home/bee
bee
/home/bee
bee
/home/bee
bee
/home/bee
bee
/home/bee
bee
/home/bee
bee
/home/bee
bee
/home/bee
bee
/home/bee
bee
/home/bee
bee
/home/bee
bee
/home/bee
bee
/home/bee
bee
/home/bee/bee.fish/draw
bee
/home/bee/bee.fish/draw
bee
/home/bee/bee.fish/draw
bee
/home/bee/bee.fish/cgi
bee
/home/bee/bee.fish/cgi
bee
/home/bee/bee.fish
bee
/home/bee/bee.fish
bee
/home/bee/bee.fish/draw
bee
/home/bee/bee.fish/draw
bee
/home/bee/bee.fish/cgi
bee
/home/bee/bee.fish/cgi
bee
/home/bee
bee
/home/bee
bee
/home/bee/bee.fish/draw
bee
/home/bee/bee.fish/draw
bee
/home/bee/bee.fish/draw
bee
/home/bee
bee
/home/bee
bee
/home/bee
bee
/home/bee
bee
/home/bee
bee
/home/bee
bee
/home/bee
bee
