201709
Starting server...
Initializing ssl...
Creating listener socket..
https server started on port 443 serving files from /home/bee/bee.fish/ with 10 threads.
4146242640:error:14094416:SSL routines:ssl3_read_bytes:sslv3 alert certificate unknown:../ssl/record/rec_layer_s3.c:1544:SSL alert number 46
4137849936:error:14094416:SSL routines:ssl3_read_bytes:sslv3 alert certificate unknown:../ssl/record/rec_layer_s3.c:1544:SSL alert number 46
4121064528:error:14094416:SSL routines:ssl3_read_bytes:sslv3 alert certificate unknown:../ssl/record/rec_layer_s3.c:1544:SSL alert number 46
4112671824:error:14094416:SSL routines:ssl3_read_bytes:sslv3 alert certificate unknown:../ssl/record/rec_layer_s3.c:1544:SSL alert number 46
Request	GET	/draw/
Response:	/home/bee/bee.fish/draw/
4095886416:error:14094416:SSL routines:ssl3_read_bytes:sslv3 alert certificate unknown:../ssl/record/rec_layer_s3.c:1544:SSL alert number 46
4087493712:error:14094416:SSL routines:ssl3_read_bytes:sslv3 alert certificate unknown:../ssl/record/rec_layer_s3.c:1544:SSL alert number 46
Request	GET	/favicon.ico
Response:	/home/bee/bee.fish/favicon.ico
4070708304:error:14094416:SSL routines:ssl3_read_bytes:sslv3 alert certificate unknown:../ssl/record/rec_layer_s3.c:1544:SSL alert number 46
4129457232:error:14094416:SSL routines:ssl3_read_bytes:sslv3 alert certificate unknown:../ssl/record/rec_layer_s3.c:1544:SSL alert number 46
4146242640:error:14094416:SSL routines:ssl3_read_bytes:sslv3 alert certificate unknown:../ssl/record/rec_layer_s3.c:1544:SSL alert number 46
4137849936:error:14094416:SSL routines:ssl3_read_bytes:sslv3 alert certificate unknown:../ssl/record/rec_layer_s3.c:1544:SSL alert number 46
Request	GET	/draw/
Response:	/home/bee/bee.fish/draw/
4112671824:error:14094416:SSL routines:ssl3_read_bytes:sslv3 alert certificate unknown:../ssl/record/rec_layer_s3.c:1544:SSL alert number 46
Request	GET	/
Response:	/home/bee/bee.fish/
4095886416:error:14094416:SSL routines:ssl3_read_bytes:sslv3 alert certificate unknown:../ssl/record/rec_layer_s3.c:1544:SSL alert number 46
4087493712:error:14094416:SSL routines:ssl3_read_bytes:sslv3 alert certificate unknown:../ssl/record/rec_layer_s3.c:1544:SSL alert number 46
4079101008:error:14094416:SSL routines:ssl3_read_bytes:sslv3 alert certificate unknown:../ssl/record/rec_layer_s3.c:1544:SSL alert number 46
Request	GET	/index.html
Response:	/home/bee/bee.fish/index.html
4146242640:error:14094416:SSL routines:ssl3_read_bytes:sslv3 alert certificate unknown:../ssl/record/rec_layer_s3.c:1544:SSL alert number 46
4137849936:error:14094416:SSL routines:ssl3_read_bytes:sslv3 alert certificate unknown:../ssl/record/rec_layer_s3.c:1544:SSL alert number 46
Request	GET	/style.css
Response:	/home/bee/bee.fish/style.css
Request	GET	/head.js
Response:	/home/bee/bee.fish/head.js
4104279120:error:14094416:SSL routines:ssl3_read_bytes:sslv3 alert certificate unknown:../ssl/record/rec_layer_s3.c:1544:SSL alert number 46
Request	GET	/feebee.jpg
Response:	/home/bee/bee.fish/feebee.jpg
4087493712:error:14094416:SSL routines:ssl3_read_bytes:sslv3 alert certificate unknown:../ssl/record/rec_layer_s3.c:1544:SSL alert number 46
4079101008:error:14094416:SSL routines:ssl3_read_bytes:sslv3 alert certificate unknown:../ssl/record/rec_layer_s3.c:1544:SSL alert number 46
4070708304:error:14094416:SSL routines:ssl3_read_bytes:sslv3 alert certificate unknown:../ssl/record/rec_layer_s3.c:1544:SSL alert number 46
Request	GET	/cgi/socket/secure
Response:	/home/bee/bee.fish/cgi/socket/secure/
4137849936:error:14094416:SSL routines:ssl3_read_bytes:sslv3 alert certificate unknown:../ssl/record/rec_layer_s3.c:1544:SSL alert number 46
4121064528:error:14094416:SSL routines:ssl3_read_bytes:sslv3 alert certificate unknown:../ssl/record/rec_layer_s3.c:1544:SSL alert number 46
Request	GET	/index.html
Response:	/home/bee/bee.fish/index.html
4104279120:error:14094416:SSL routines:ssl3_read_bytes:sslv3 alert certificate unknown:../ssl/record/rec_layer_s3.c:1544:SSL alert number 46
4095886416:error:14094416:SSL routines:ssl3_read_bytes:sslv3 alert certificate unknown:../ssl/record/rec_layer_s3.c:1544:SSL alert number 46
Request	GET	/style.css
Response:	/home/bee/bee.fish/style.css
Request	GET	/head.js
Response:	/home/bee/bee.fish/head.js
4070708304:error:14094416:SSL routines:ssl3_read_bytes:sslv3 alert certificate unknown:../ssl/record/rec_layer_s3.c:1544:SSL alert number 46
Request	GET	/feebee.jpg
Response:	/home/bee/bee.fish/feebee.jpg
4146242640:error:14094416:SSL routines:ssl3_read_bytes:sslv3 alert certificate unknown:../ssl/record/rec_layer_s3.c:1544:SSL alert number 46
4137849936:error:14094416:SSL routines:ssl3_read_bytes:sslv3 alert certificate unknown:../ssl/record/rec_layer_s3.c:1544:SSL alert number 46
4112671824:error:14094416:SSL routines:ssl3_read_bytes:sslv3 alert certificate unknown:../ssl/record/rec_layer_s3.c:1544:SSL alert number 46
4121064528:error:14094416:SSL routines:ssl3_read_bytes:sslv3 alert certificate unknown:../ssl/record/rec_layer_s3.c:1544:SSL alert number 46
Request	GET	/index.html
Response:	/home/bee/bee.fish/index.html
4095886416:error:14094416:SSL routines:ssl3_read_bytes:sslv3 alert certificate unknown:../ssl/record/rec_layer_s3.c:1544:SSL alert number 46
4087493712:error:14094416:SSL routines:ssl3_read_bytes:sslv3 alert certificate unknown:../ssl/record/rec_layer_s3.c:1544:SSL alert number 46
Request	GET	/style.css
Response:	/home/bee/bee.fish/style.css
Request	GET	/head.js
Response:	/home/bee/bee.fish/head.js
4129457232:error:14094416:SSL routines:ssl3_read_bytes:sslv3 alert certificate unknown:../ssl/record/rec_layer_s3.c:1544:SSL alert number 46
4146242640:error:14094416:SSL routines:ssl3_read_bytes:sslv3 alert certificate unknown:../ssl/record/rec_layer_s3.c:1544:SSL alert number 46
4137849936:error:14094416:SSL routines:ssl3_read_bytes:sslv3 alert certificate unknown:../ssl/record/rec_layer_s3.c:1544:SSL alert number 46
4112671824:error:14094416:SSL routines:ssl3_read_bytes:sslv3 alert certificate unknown:../ssl/record/rec_layer_s3.c:1544:SSL alert number 46
Request	GET	/cgi/socket/secure
Response:	/home/bee/bee.fish/cgi/socket/secure/
4104279120:error:14094416:SSL routines:ssl3_read_bytes:sslv3 alert certificate unknown:../ssl/record/rec_layer_s3.c:1544:SSL alert number 46
4095886416:error:14094416:SSL routines:ssl3_read_bytes:sslv3 alert certificate unknown:../ssl/record/rec_layer_s3.c:1544:SSL alert number 46
Request	GET	/index.html
Response:	/home/bee/bee.fish/index.html
4079101008:error:14094416:SSL routines:ssl3_read_bytes:sslv3 alert certificate unknown:../ssl/record/rec_layer_s3.c:1544:SSL alert number 46
4070708304:error:14094416:SSL routines:ssl3_read_bytes:sslv3 alert certificate unknown:../ssl/record/rec_layer_s3.c:1544:SSL alert number 46
Request	GET	/style.css
Response:	/home/bee/bee.fish/style.css
Request	GET	/head.js
Response:	/home/bee/bee.fish/head.js
4137849936:error:14094416:SSL routines:ssl3_read_bytes:sslv3 alert certificate unknown:../ssl/record/rec_layer_s3.c:1544:SSL alert number 46
Request	GET	/feebee.jpg
Response:	/home/bee/bee.fish/feebee.jpg
4121064528:error:14094416:SSL routines:ssl3_read_bytes:sslv3 alert certificate unknown:../ssl/record/rec_layer_s3.c:1544:SSL alert number 46
4104279120:error:14094416:SSL routines:ssl3_read_bytes:sslv3 alert certificate unknown:../ssl/record/rec_layer_s3.c:1544:SSL alert number 46
4095886416:error:14094416:SSL routines:ssl3_read_bytes:sslv3 alert certificate unknown:../ssl/record/rec_layer_s3.c:1544:SSL alert number 46
4087493712:error:14094416:SSL routines:ssl3_read_bytes:sslv3 alert certificate unknown:../ssl/record/rec_layer_s3.c:1544:SSL alert number 46
Request	GET	/index.html
Response:	/home/bee/bee.fish/index.html
4129457232:error:14094416:SSL routines:ssl3_read_bytes:sslv3 alert certificate unknown:../ssl/record/rec_layer_s3.c:1544:SSL alert number 46
4070708304:error:14094416:SSL routines:ssl3_read_bytes:sslv3 alert certificate unknown:../ssl/record/rec_layer_s3.c:1544:SSL alert number 46
Request	GET	/head.js
Response:	/home/bee/bee.fish/head.js
Request	GET	/style.css
Response:	/home/bee/bee.fish/style.css
